<?xml version="1.0" encoding="UTF-8"?>
<!-- Generated by org.testng.reporters.JUnitReportReporter -->
<testsuite hostname="DESKTOP-2FD0K7O" failures="0" tests="2" name="testNG.Depends_On_Method" time="1.796" errors="0" timestamp="2024-06-09T10:40:01 IST" skipped="0">
  <testcase classname="testNG.Depends_On_Method" name="medhod1" time="0.615"/>
  <system-out/>
  <testcase classname="testNG.Depends_On_Method" name="medhod2" time="1.181"/>
  <system-out/>
</testsuite> <!-- testNG.Depends_On_Method -->
