<?xml version="1.0" encoding="UTF-8"?>
<!-- Generated by org.testng.reporters.JUnitReportReporter -->
<testsuite hostname="DESKTOP-5HIE8HP" failures="0" tests="1" name="brokenLinks.WebPageBrokenLinks" time="23.618" errors="0" timestamp="2024-09-29T11:29:07 IST" skipped="0">
  <testcase classname="brokenLinks.WebPageBrokenLinks" name="brokenLinks" time="23.618"/>
</testsuite> <!-- brokenLinks.WebPageBrokenLinks -->
