<?xml version="1.0" encoding="UTF-8"?>
<!-- Generated by org.testng.reporters.JUnitReportReporter -->
<testsuite hostname="DESKTOP-2FD0K7O" failures="0" tests="1" name="sikulipack.WindWifi" time="2.306" errors="0" timestamp="2024-06-12T18:49:12 IST" skipped="0">
  <testcase classname="sikulipack.WindWifi" name="windowWifiClick" time="2.306"/>
  <system-out/>
</testsuite> <!-- sikulipack.WindWifi -->
