<?xml version="1.0" encoding="UTF-8"?>
<!-- Generated by org.testng.reporters.JUnitReportReporter -->
<testsuite hostname="DESKTOP-2FD0K7O" failures="0" tests="2" name="scrool.ScroolDownUp" time="10.634" errors="0" timestamp="2024-06-13T10:10:06 IST" skipped="0">
  <testcase classname="scrool.ScroolDownUp" name="scroolDown" time="10.602"/>
  <system-out/>
  <testcase classname="scrool.ScroolDownUp" name="scroolUp" time="0.032"/>
  <system-out/>
</testsuite> <!-- scrool.ScroolDownUp -->
