<?xml version="1.0" encoding="UTF-8"?>
<!-- Generated by org.testng.reporters.JUnitReportReporter -->
<testsuite hostname="DESKTOP-2FD0K7O" failures="0" tests="7" name="testNG.Alphabetical_Order" time="14.001" errors="0" timestamp="2024-06-09T21:06:10 IST" skipped="0">
  <testcase classname="testNG.Alphabetical_Order" name="redmine" time="5.294"/>
  <system-out/>
  <testcase classname="testNG.Alphabetical_Order" name="x" time="1.758"/>
  <system-out/>
  <testcase classname="testNG.Alphabetical_Order" name="google" time="2.421"/>
  <system-out/>
  <testcase classname="testNG.Alphabetical_Order" name="selenium" time="0.315"/>
  <system-out/>
  <testcase classname="testNG.Alphabetical_Order" name="swiggy" time="0.188"/>
  <system-out/>
  <testcase classname="testNG.Alphabetical_Order" name="facebook" time="1.217"/>
  <system-out/>
  <testcase classname="testNG.Alphabetical_Order" name="gmail" time="2.808"/>
  <system-out/>
</testsuite> <!-- testNG.Alphabetical_Order -->
