<?xml version="1.0" encoding="UTF-8"?>
<!-- Generated by org.testng.reporters.JUnitReportReporter -->
<testsuite hostname="DESKTOP-2FD0K7O" failures="0" tests="1" name="iframes.IFramesAutomate" time="95.065" errors="0" timestamp="2024-06-13T20:01:46 IST" skipped="0">
  <testcase classname="iframes.IFramesAutomate" name="iFrame" time="95.065"/>
  <system-out/>
</testsuite> <!-- iframes.IFramesAutomate -->
