<?xml version="1.0" encoding="UTF-8"?>
<!-- Generated by org.testng.reporters.JUnitReportReporter -->
<testsuite hostname="DESKTOP-2FD0K7O" failures="0" tests="7" name="testNG.Skip_Ignore_Disable" time="11.219" errors="0" timestamp="2024-06-09T10:09:48 IST" skipped="3">
  <testcase classname="testNG.Skip_Ignore_Disable" name="gmail" time="2.791"/>
  <system-out/>
  <testcase classname="testNG.Skip_Ignore_Disable" name="google" time="1.359"/>
  <system-out/>
  <testcase classname="testNG.Skip_Ignore_Disable" name="facebook" time="1.026"/>
  <system-out/>
  <testcase classname="testNG.Skip_Ignore_Disable" name="redmine" time="6.043"/>
  <system-out/>
  <testcase classname="testNG.Skip_Ignore_Disable" name="swiggy">
    <skipped/>
  </testcase> <!-- swiggy -->
  <system-out/>
  <testcase classname="testNG.Skip_Ignore_Disable" name="selenium">
    <skipped/>
  </testcase> <!-- selenium -->
  <system-out/>
  <testcase classname="testNG.Skip_Ignore_Disable" name="x">
    <skipped/>
  </testcase> <!-- x -->
  <system-out/>
</testsuite> <!-- testNG.Skip_Ignore_Disable -->
