<?xml version="1.0" encoding="UTF-8"?>
<!-- Generated by org.testng.reporters.JUnitReportReporter -->
<testsuite hostname="DESKTOP-2FD0K7O" failures="0" tests="2" name="testNG.Groups" time="4.904" errors="0" timestamp="2024-06-09T19:02:44 IST" skipped="0">
  <testcase classname="testNG.Groups" name="zomato" time="4.717"/>
  <system-out/>
  <testcase classname="testNG.Groups" name="swiggy" time="0.187"/>
  <system-out/>
</testsuite> <!-- testNG.Groups -->
