<?xml version="1.0" encoding="UTF-8"?>
<!-- Generated by org.testng.reporters.JUnitReportReporter -->
<testsuite hostname="DESKTOP-5HIE8HP" failures="0" tests="2" name="screenshot.TimeFormatScreenshot" time="33.092" errors="0" timestamp="2024-07-22T19:19:43 IST" skipped="1">
  <testcase classname="screenshot.TimeFormatScreenshot" name="googlesearch" time="33.092"/>
  <testcase classname="screenshot.TimeFormatScreenshot" name="facebook">
    <skipped/>
  </testcase> <!-- facebook -->
</testsuite> <!-- screenshot.TimeFormatScreenshot -->
