<?xml version="1.0" encoding="UTF-8"?>
<!-- Generated by org.testng.reporters.JUnitReportReporter -->
<testsuite hostname="DESKTOP-2FD0K7O" failures="0" tests="1" name="sikulipack.DesktopAuto" time="9.316" errors="0" timestamp="2024-06-13T09:51:28 IST" skipped="0">
  <testcase classname="sikulipack.DesktopAuto" name="windowWifiClick" time="9.316"/>
  <system-out/>
</testsuite> <!-- sikulipack.DesktopAuto -->
