<?xml version="1.0" encoding="UTF-8"?>
<!-- Generated by org.testng.reporters.JUnitReportReporter -->
<testsuite hostname="DESKTOP-5HIE8HP" failures="0" tests="1" name="screenshot.FullpageScreenshot" time="11.749" errors="0" timestamp="2024-07-10T09:56:58 IST" skipped="0">
  <testcase classname="screenshot.FullpageScreenshot" name="CompletePageScreenshot" time="11.749"/>
</testsuite> <!-- screenshot.FullpageScreenshot -->
