<?xml version="1.0" encoding="UTF-8"?>
<!-- Generated by org.testng.reporters.JUnitReportReporter -->
<testsuite hostname="DESKTOP-5HIE8HP" failures="0" tests="1" name="tabTitleURLText.VerifyTabTitleURLText" time="1.977" errors="0" timestamp="2024-09-16T09:57:08 IST" skipped="0">
  <testcase classname="tabTitleURLText.VerifyTabTitleURLText" name="pageSource" time="1.977"/>
</testsuite> <!-- tabTitleURLText.VerifyTabTitleURLText -->
