<?xml version="1.0" encoding="UTF-8"?>
<!-- Generated by org.testng.reporters.JUnitReportReporter -->
<testsuite hostname="DESKTOP-2FD0K7O" failures="0" tests="1" name="actionsMethods.RightDoubleClickDragnDropMOowerKey" time="4.177" errors="0" timestamp="2024-06-12T17:28:49 IST" skipped="0">
  <testcase classname="actionsMethods.RightDoubleClickDragnDropMOowerKey" name="doubleClick" time="4.177"/>
  <system-out/>
</testsuite> <!-- actionsMethods.RightDoubleClickDragnDropMOowerKey -->
