<?xml version="1.0" encoding="UTF-8"?>
<!-- Generated by org.testng.reporters.JUnitReportReporter -->
<testsuite hostname="DESKTOP-2FD0K7O" failures="0" tests="1" name="testNG.Timeout" time="1.951" errors="0" timestamp="2024-06-09T10:20:32 IST" skipped="0">
  <testcase classname="testNG.Timeout" name="selenium" time="1.951"/>
  <system-out/>
</testsuite> <!-- testNG.Timeout -->
