<?xml version="1.0" encoding="UTF-8"?>
<!-- Generated by org.testng.reporters.JUnitReportReporter -->
<testsuite hostname="DESKTOP-NGN0F0T" failures="0" tests="1" name="iframes.NewTab" time="46.679" errors="0" timestamp="2024-06-18T16:39:39 IST" skipped="0">
  <testcase classname="iframes.NewTab" name="f" time="46.679"/>
  <system-out/>
</testsuite> <!-- iframes.NewTab -->
