<?xml version="1.0" encoding="UTF-8"?>
<!-- Generated by org.testng.reporters.JUnitReportReporter -->
<testsuite hostname="DESKTOP-5HIE8HP" failures="0" tests="1" name="iframes.NewWin" time="11.352" errors="0" timestamp="2024-09-22T12:15:56 IST" skipped="0">
  <testcase classname="iframes.NewWin" name="newWindow" time="11.352"/>
</testsuite> <!-- iframes.NewWin -->
