<?xml version="1.0" encoding="UTF-8"?>
<!-- Generated by org.testng.reporters.JUnitReportReporter -->
<testsuite hostname="DESKTOP-2FD0K7O" failures="0" tests="1" name="actionsMethods.NewTest" time="4.302" errors="0" timestamp="2024-06-11T18:19:17 IST" skipped="0">
  <testcase classname="actionsMethods.NewTest" name="doubleClick" time="4.302"/>
  <system-out/>
</testsuite> <!-- actionsMethods.NewTest -->
