<?xml version="1.0" encoding="UTF-8"?>
<!-- Generated by org.testng.reporters.JUnitReportReporter -->
<testsuite hostname="DESKTOP-2FD0K7O" failures="0" tests="1" name="testNG.Anotations_Execution_Order" time="0.008" errors="0" timestamp="2024-06-08T21:21:30 IST" skipped="0">
  <testcase classname="testNG.Anotations_Execution_Order" name="f" time="0.008"/>
  <system-out/>
</testsuite> <!-- testNG.Anotations_Execution_Order -->
