<?xml version="1.0" encoding="UTF-8"?>
<!-- Generated by org.testng.reporters.JUnitReportReporter -->
<testsuite hostname="DESKTOP-2FD0K7O" failures="0" tests="1" name="testNG.DropDown" time="2.361" errors="0" timestamp="2024-06-09T19:38:43 IST" skipped="0">
  <testcase classname="testNG.DropDown" name="dropDown" time="2.361"/>
  <system-out/>
</testsuite> <!-- testNG.DropDown -->
