<?xml version="1.0" encoding="UTF-8"?>
<!-- Generated by org.testng.reporters.JUnitReportReporter -->
<testsuite hostname="DESKTOP-2FD0K7O" failures="0" tests="3" name="testNG.Description" time="12.698" errors="0" timestamp="2024-06-09T10:49:21 IST" skipped="0">
  <testcase classname="testNG.Description" name="gmail" time="4.709"/>
  <system-out/>
  <testcase classname="testNG.Description" name="google" time="4.643"/>
  <system-out/>
  <testcase classname="testNG.Description" name="selenium" time="3.346"/>
  <system-out/>
</testsuite> <!-- testNG.Description -->
