<?xml version="1.0" encoding="UTF-8"?>
<!-- Generated by org.testng.reporters.JUnitReportReporter -->
<testsuite hostname="DESKTOP-2FD0K7O" failures="0" tests="1" name="actionsMethods.RightDoubleClickDragnDropMHoowerKey" time="5.919" errors="0" timestamp="2024-06-12T18:07:12 IST" skipped="0">
  <testcase classname="actionsMethods.RightDoubleClickDragnDropMHoowerKey" name="keyBoard" time="5.919"/>
  <system-out/>
</testsuite> <!-- actionsMethods.RightDoubleClickDragnDropMHoowerKey -->
