<?xml version="1.0" encoding="UTF-8"?>
<!-- Generated by org.testng.reporters.JUnitReportReporter -->
<testsuite hostname="DESKTOP-2FD0K7O" failures="0" tests="7" name="testNG.Priority_Order" time="19.279" errors="0" timestamp="2024-06-09T10:07:17 IST" skipped="0">
  <testcase classname="testNG.Priority_Order" name="selenium" time="1.157"/>
  <system-out/>
  <testcase classname="testNG.Priority_Order" name="gmail" time="2.604"/>
  <system-out/>
  <testcase classname="testNG.Priority_Order" name="x" time="4.481"/>
  <system-out/>
  <testcase classname="testNG.Priority_Order" name="google" time="2.093"/>
  <system-out/>
  <testcase classname="testNG.Priority_Order" name="redmine" time="6.096"/>
  <system-out/>
  <testcase classname="testNG.Priority_Order" name="facebook" time="0.973"/>
  <system-out/>
  <testcase classname="testNG.Priority_Order" name="swiggy" time="1.875"/>
  <system-out/>
</testsuite> <!-- testNG.Priority_Order -->
